$ react-router dev
Port 5173 is in use, trying another one...
  ➜  Local:   http://localhost:5174/
  ➜  Network: use --host to expose
Adapter json registered.
Adapter openapi registered.
Error: useNavigate() may be used only in the context of a <Router> component.
    at invariant (file:///Users/hgeldenhuys/WebstormProjects/openapi-client/node_modules/react-router-dom/node_modules/react-router/dist/development/chunk-DQRVZFIR.mjs:188:11)
    at useNavigateUnstable (file:///Users/hgeldenhuys/WebstormProjects/openapi-client/node_modules/react-router-dom/node_modules/react-router/dist/development/chunk-DQRVZFIR.mjs:4869:3)
    at Module.useNavigate (file:///Users/hgeldenhuys/WebstormProjects/openapi-client/node_modules/react-router-dom/node_modules/react-router/dist/development/chunk-DQRVZFIR.mjs:4866:46)
    at FileTree (/Users/hgeldenhuys/WebstormProjects/openapi-client/app/modules/ide/components/file-tree.tsx:37:20)
    at Object.react-stack-bottom-frame (/Users/hgeldenhuys/WebstormProjects/openapi-client/node_modules/react-dom/cjs/react-dom-server.node.development.js:9176:18)
    at renderWithHooks (/Users/hgeldenhuys/WebstormProjects/openapi-client/node_modules/react-dom/cjs/react-dom-server.node.development.js:4797:19)
    at renderElement (/Users/hgeldenhuys/WebstormProjects/openapi-client/node_modules/react-dom/cjs/react-dom-server.node.development.js:5232:23)
    at retryNode (/Users/hgeldenhuys/WebstormProjects/openapi-client/node_modules/react-dom/cjs/react-dom-server.node.development.js:5991:31)
    at renderNodeDestructive (/Users/hgeldenhuys/WebstormProjects/openapi-client/node_modules/react-dom/cjs/react-dom-server.node.development.js:5941:11)
    at renderNode (/Users/hgeldenhuys/WebstormProjects/openapi-client/node_modules/react-dom/cjs/react-dom-server.node.development.js:6398:18)
12:44:40 p.m. [vite] hmr update /app/modules/ide/components/file-tree.tsx, /app/app.css
12:44:50 p.m. [vite] hmr update /app/modules/ide/components/file-tree.tsx, /app/app.css
12:45:06 p.m. [react-router] Config updated.
12:45:06 p.m. [vite] page reload react-router.config.ts
12:46:19 p.m. [vite] hmr update /app/modules/openapi.ide/components/new-file.tsx, /app/app.css
Adapter type openapi is already registered.
error: script "dev" exited with code 143
