
[2025-05-27T01:37:49.135Z] OpenAPI Fetch Error
URL: http://localhost:3131/swagger/json
Error: Failed to fetch from URL: fetch failed
Stack: Error: Failed to fetch from URL: fetch failed
    at action (/Users/hgeldenhuys/WebstormProjects/openapi-client/app/routes/api.openapi.fetch.ts:61:13)
    at processTicksAndRejections (node:internal/process/task_queues:105:5)
    at callRouteHandler (file:///Users/hgeldenhuys/WebstormProjects/openapi-client/node_modules/react-router/dist/development/chunk-AYJ5UCUI.mjs:9469:16)
    at file:///Users/hgeldenhuys/WebstormProjects/openapi-client/node_modules/react-router/dist/development/chunk-AYJ5UCUI.mjs:4116:19
    at callLoaderOrAction (file:///Users/hgeldenhuys/WebstormProjects/openapi-client/node_modules/react-router/dist/development/chunk-AYJ5UCUI.mjs:4168:16)
    at async Promise.all (index 0)
    at defaultDataStrategy (file:///Users/hgeldenhuys/WebstormProjects/openapi-client/node_modules/react-router/dist/development/chunk-AYJ5UCUI.mjs:3831:17)
    at callDataStrategyImpl (file:///Users/hgeldenhuys/WebstormProjects/openapi-client/node_modules/react-router/dist/development/chunk-AYJ5UCUI.mjs:4067:17)
    at callDataStrategy (file:///Users/hgeldenhuys/WebstormProjects/openapi-client/node_modules/react-router/dist/development/chunk-AYJ5UCUI.mjs:3201:19)
    at submit (file:///Users/hgeldenhuys/WebstormProjects/openapi-client/node_modules/react-router/dist/development/chunk-AYJ5UCUI.mjs:3008:21)
    at queryImpl (file:///Users/hgeldenhuys/WebstormProjects/openapi-client/node_modules/react-router/dist/development/chunk-AYJ5UCUI.mjs:2943:23)
    at Object.queryRoute (file:///Users/hgeldenhuys/WebstormProjects/openapi-client/node_modules/react-router/dist/development/chunk-AYJ5UCUI.mjs:2910:18)
    at handleResourceRequest (file:///Users/hgeldenhuys/WebstormProjects/openapi-client/node_modules/react-router/dist/development/chunk-AYJ5UCUI.mjs:10385:20)
    at requestHandler (file:///Users/hgeldenhuys/WebstormProjects/openapi-client/node_modules/react-router/dist/development/chunk-AYJ5UCUI.mjs:10159:18)
    at nodeHandler (/Users/hgeldenhuys/WebstormProjects/openapi-client/node_modules/@react-router/dev/dist/vite.js:3030:30)
    at /Users/hgeldenhuys/WebstormProjects/openapi-client/node_modules/@react-router/dev/dist/vite.js:3036:17
---

[2025-05-31T02:28:53.095Z] OpenAPI Fetch Error
URL: http://localhost:3131/swagger/json
Error: Failed to fetch from URL: fetch failed
Stack: Error: Failed to fetch from URL: fetch failed
    at action (/Users/hgeldenhuys/WebstormProjects/openapi-client/app/routes/api.openapi.fetch.ts:61:13)
    at processTicksAndRejections (node:internal/process/task_queues:105:5)
    at callRouteHandler (file:///Users/hgeldenhuys/WebstormProjects/openapi-client/node_modules/react-router/dist/development/chunk-AYJ5UCUI.mjs:9469:16)
    at file:///Users/hgeldenhuys/WebstormProjects/openapi-client/node_modules/react-router/dist/development/chunk-AYJ5UCUI.mjs:4116:19
    at callLoaderOrAction (file:///Users/hgeldenhuys/WebstormProjects/openapi-client/node_modules/react-router/dist/development/chunk-AYJ5UCUI.mjs:4168:16)
    at async Promise.all (index 0)
    at defaultDataStrategy (file:///Users/hgeldenhuys/WebstormProjects/openapi-client/node_modules/react-router/dist/development/chunk-AYJ5UCUI.mjs:3831:17)
    at callDataStrategyImpl (file:///Users/hgeldenhuys/WebstormProjects/openapi-client/node_modules/react-router/dist/development/chunk-AYJ5UCUI.mjs:4067:17)
    at callDataStrategy (file:///Users/hgeldenhuys/WebstormProjects/openapi-client/node_modules/react-router/dist/development/chunk-AYJ5UCUI.mjs:3201:19)
    at submit (file:///Users/hgeldenhuys/WebstormProjects/openapi-client/node_modules/react-router/dist/development/chunk-AYJ5UCUI.mjs:3008:21)
    at queryImpl (file:///Users/hgeldenhuys/WebstormProjects/openapi-client/node_modules/react-router/dist/development/chunk-AYJ5UCUI.mjs:2943:23)
    at Object.queryRoute (file:///Users/hgeldenhuys/WebstormProjects/openapi-client/node_modules/react-router/dist/development/chunk-AYJ5UCUI.mjs:2910:18)
    at handleResourceRequest (file:///Users/hgeldenhuys/WebstormProjects/openapi-client/node_modules/react-router/dist/development/chunk-AYJ5UCUI.mjs:10385:20)
    at requestHandler (file:///Users/hgeldenhuys/WebstormProjects/openapi-client/node_modules/react-router/dist/development/chunk-AYJ5UCUI.mjs:10159:18)
    at nodeHandler (/Users/hgeldenhuys/WebstormProjects/openapi-client/node_modules/@react-router/dev/dist/vite.js:3030:30)
    at /Users/hgeldenhuys/WebstormProjects/openapi-client/node_modules/@react-router/dev/dist/vite.js:3036:17
---

[2025-05-31T02:28:53.989Z] OpenAPI Fetch Error
URL: http://localhost:3131/swagger/json
Error: Failed to fetch from URL: fetch failed
Stack: Error: Failed to fetch from URL: fetch failed
    at action (/Users/hgeldenhuys/WebstormProjects/openapi-client/app/routes/api.openapi.fetch.ts:61:13)
    at processTicksAndRejections (node:internal/process/task_queues:105:5)
    at callRouteHandler (file:///Users/hgeldenhuys/WebstormProjects/openapi-client/node_modules/react-router/dist/development/chunk-AYJ5UCUI.mjs:9469:16)
    at file:///Users/hgeldenhuys/WebstormProjects/openapi-client/node_modules/react-router/dist/development/chunk-AYJ5UCUI.mjs:4116:19
    at callLoaderOrAction (file:///Users/hgeldenhuys/WebstormProjects/openapi-client/node_modules/react-router/dist/development/chunk-AYJ5UCUI.mjs:4168:16)
    at async Promise.all (index 0)
    at defaultDataStrategy (file:///Users/hgeldenhuys/WebstormProjects/openapi-client/node_modules/react-router/dist/development/chunk-AYJ5UCUI.mjs:3831:17)
    at callDataStrategyImpl (file:///Users/hgeldenhuys/WebstormProjects/openapi-client/node_modules/react-router/dist/development/chunk-AYJ5UCUI.mjs:4067:17)
    at callDataStrategy (file:///Users/hgeldenhuys/WebstormProjects/openapi-client/node_modules/react-router/dist/development/chunk-AYJ5UCUI.mjs:3201:19)
    at submit (file:///Users/hgeldenhuys/WebstormProjects/openapi-client/node_modules/react-router/dist/development/chunk-AYJ5UCUI.mjs:3008:21)
    at queryImpl (file:///Users/hgeldenhuys/WebstormProjects/openapi-client/node_modules/react-router/dist/development/chunk-AYJ5UCUI.mjs:2943:23)
    at Object.queryRoute (file:///Users/hgeldenhuys/WebstormProjects/openapi-client/node_modules/react-router/dist/development/chunk-AYJ5UCUI.mjs:2910:18)
    at handleResourceRequest (file:///Users/hgeldenhuys/WebstormProjects/openapi-client/node_modules/react-router/dist/development/chunk-AYJ5UCUI.mjs:10385:20)
    at requestHandler (file:///Users/hgeldenhuys/WebstormProjects/openapi-client/node_modules/react-router/dist/development/chunk-AYJ5UCUI.mjs:10159:18)
    at nodeHandler (/Users/hgeldenhuys/WebstormProjects/openapi-client/node_modules/@react-router/dev/dist/vite.js:3030:30)
    at /Users/hgeldenhuys/WebstormProjects/openapi-client/node_modules/@react-router/dev/dist/vite.js:3036:17
---

[2025-05-31T02:28:54.188Z] OpenAPI Fetch Error
URL: http://localhost:3131/swagger/json
Error: Failed to fetch from URL: fetch failed
Stack: Error: Failed to fetch from URL: fetch failed
    at action (/Users/hgeldenhuys/WebstormProjects/openapi-client/app/routes/api.openapi.fetch.ts:61:13)
    at processTicksAndRejections (node:internal/process/task_queues:105:5)
    at callRouteHandler (file:///Users/hgeldenhuys/WebstormProjects/openapi-client/node_modules/react-router/dist/development/chunk-AYJ5UCUI.mjs:9469:16)
    at file:///Users/hgeldenhuys/WebstormProjects/openapi-client/node_modules/react-router/dist/development/chunk-AYJ5UCUI.mjs:4116:19
    at callLoaderOrAction (file:///Users/hgeldenhuys/WebstormProjects/openapi-client/node_modules/react-router/dist/development/chunk-AYJ5UCUI.mjs:4168:16)
    at async Promise.all (index 0)
    at defaultDataStrategy (file:///Users/hgeldenhuys/WebstormProjects/openapi-client/node_modules/react-router/dist/development/chunk-AYJ5UCUI.mjs:3831:17)
    at callDataStrategyImpl (file:///Users/hgeldenhuys/WebstormProjects/openapi-client/node_modules/react-router/dist/development/chunk-AYJ5UCUI.mjs:4067:17)
    at callDataStrategy (file:///Users/hgeldenhuys/WebstormProjects/openapi-client/node_modules/react-router/dist/development/chunk-AYJ5UCUI.mjs:3201:19)
    at submit (file:///Users/hgeldenhuys/WebstormProjects/openapi-client/node_modules/react-router/dist/development/chunk-AYJ5UCUI.mjs:3008:21)
    at queryImpl (file:///Users/hgeldenhuys/WebstormProjects/openapi-client/node_modules/react-router/dist/development/chunk-AYJ5UCUI.mjs:2943:23)
    at Object.queryRoute (file:///Users/hgeldenhuys/WebstormProjects/openapi-client/node_modules/react-router/dist/development/chunk-AYJ5UCUI.mjs:2910:18)
    at handleResourceRequest (file:///Users/hgeldenhuys/WebstormProjects/openapi-client/node_modules/react-router/dist/development/chunk-AYJ5UCUI.mjs:10385:20)
    at requestHandler (file:///Users/hgeldenhuys/WebstormProjects/openapi-client/node_modules/react-router/dist/development/chunk-AYJ5UCUI.mjs:10159:18)
    at nodeHandler (/Users/hgeldenhuys/WebstormProjects/openapi-client/node_modules/@react-router/dev/dist/vite.js:3030:30)
    at /Users/hgeldenhuys/WebstormProjects/openapi-client/node_modules/@react-router/dev/dist/vite.js:3036:17
---

[2025-05-31T02:28:54.381Z] OpenAPI Fetch Error
URL: http://localhost:3131/swagger/json
Error: Failed to fetch from URL: fetch failed
Stack: Error: Failed to fetch from URL: fetch failed
    at action (/Users/hgeldenhuys/WebstormProjects/openapi-client/app/routes/api.openapi.fetch.ts:61:13)
    at processTicksAndRejections (node:internal/process/task_queues:105:5)
    at callRouteHandler (file:///Users/hgeldenhuys/WebstormProjects/openapi-client/node_modules/react-router/dist/development/chunk-AYJ5UCUI.mjs:9469:16)
    at file:///Users/hgeldenhuys/WebstormProjects/openapi-client/node_modules/react-router/dist/development/chunk-AYJ5UCUI.mjs:4116:19
    at callLoaderOrAction (file:///Users/hgeldenhuys/WebstormProjects/openapi-client/node_modules/react-router/dist/development/chunk-AYJ5UCUI.mjs:4168:16)
    at async Promise.all (index 0)
    at defaultDataStrategy (file:///Users/hgeldenhuys/WebstormProjects/openapi-client/node_modules/react-router/dist/development/chunk-AYJ5UCUI.mjs:3831:17)
    at callDataStrategyImpl (file:///Users/hgeldenhuys/WebstormProjects/openapi-client/node_modules/react-router/dist/development/chunk-AYJ5UCUI.mjs:4067:17)
    at callDataStrategy (file:///Users/hgeldenhuys/WebstormProjects/openapi-client/node_modules/react-router/dist/development/chunk-AYJ5UCUI.mjs:3201:19)
    at submit (file:///Users/hgeldenhuys/WebstormProjects/openapi-client/node_modules/react-router/dist/development/chunk-AYJ5UCUI.mjs:3008:21)
    at queryImpl (file:///Users/hgeldenhuys/WebstormProjects/openapi-client/node_modules/react-router/dist/development/chunk-AYJ5UCUI.mjs:2943:23)
    at Object.queryRoute (file:///Users/hgeldenhuys/WebstormProjects/openapi-client/node_modules/react-router/dist/development/chunk-AYJ5UCUI.mjs:2910:18)
    at handleResourceRequest (file:///Users/hgeldenhuys/WebstormProjects/openapi-client/node_modules/react-router/dist/development/chunk-AYJ5UCUI.mjs:10385:20)
    at requestHandler (file:///Users/hgeldenhuys/WebstormProjects/openapi-client/node_modules/react-router/dist/development/chunk-AYJ5UCUI.mjs:10159:18)
    at nodeHandler (/Users/hgeldenhuys/WebstormProjects/openapi-client/node_modules/@react-router/dev/dist/vite.js:3030:30)
    at /Users/hgeldenhuys/WebstormProjects/openapi-client/node_modules/@react-router/dev/dist/vite.js:3036:17
---

[2025-05-31T02:28:54.910Z] OpenAPI Fetch Error
URL: http://localhost:3131/swagger/json
Error: Failed to fetch from URL: fetch failed
Stack: Error: Failed to fetch from URL: fetch failed
    at action (/Users/hgeldenhuys/WebstormProjects/openapi-client/app/routes/api.openapi.fetch.ts:61:13)
    at processTicksAndRejections (node:internal/process/task_queues:105:5)
    at callRouteHandler (file:///Users/hgeldenhuys/WebstormProjects/openapi-client/node_modules/react-router/dist/development/chunk-AYJ5UCUI.mjs:9469:16)
    at file:///Users/hgeldenhuys/WebstormProjects/openapi-client/node_modules/react-router/dist/development/chunk-AYJ5UCUI.mjs:4116:19
    at callLoaderOrAction (file:///Users/hgeldenhuys/WebstormProjects/openapi-client/node_modules/react-router/dist/development/chunk-AYJ5UCUI.mjs:4168:16)
    at async Promise.all (index 0)
    at defaultDataStrategy (file:///Users/hgeldenhuys/WebstormProjects/openapi-client/node_modules/react-router/dist/development/chunk-AYJ5UCUI.mjs:3831:17)
    at callDataStrategyImpl (file:///Users/hgeldenhuys/WebstormProjects/openapi-client/node_modules/react-router/dist/development/chunk-AYJ5UCUI.mjs:4067:17)
    at callDataStrategy (file:///Users/hgeldenhuys/WebstormProjects/openapi-client/node_modules/react-router/dist/development/chunk-AYJ5UCUI.mjs:3201:19)
    at submit (file:///Users/hgeldenhuys/WebstormProjects/openapi-client/node_modules/react-router/dist/development/chunk-AYJ5UCUI.mjs:3008:21)
    at queryImpl (file:///Users/hgeldenhuys/WebstormProjects/openapi-client/node_modules/react-router/dist/development/chunk-AYJ5UCUI.mjs:2943:23)
    at Object.queryRoute (file:///Users/hgeldenhuys/WebstormProjects/openapi-client/node_modules/react-router/dist/development/chunk-AYJ5UCUI.mjs:2910:18)
    at handleResourceRequest (file:///Users/hgeldenhuys/WebstormProjects/openapi-client/node_modules/react-router/dist/development/chunk-AYJ5UCUI.mjs:10385:20)
    at requestHandler (file:///Users/hgeldenhuys/WebstormProjects/openapi-client/node_modules/react-router/dist/development/chunk-AYJ5UCUI.mjs:10159:18)
    at nodeHandler (/Users/hgeldenhuys/WebstormProjects/openapi-client/node_modules/@react-router/dev/dist/vite.js:3030:30)
    at /Users/hgeldenhuys/WebstormProjects/openapi-client/node_modules/@react-router/dev/dist/vite.js:3036:17
---

[2025-05-31T02:28:55.762Z] OpenAPI Fetch Error
URL: http://localhost:3131/swagger/json
Error: Failed to fetch from URL: fetch failed
Stack: Error: Failed to fetch from URL: fetch failed
    at action (/Users/hgeldenhuys/WebstormProjects/openapi-client/app/routes/api.openapi.fetch.ts:61:13)
    at processTicksAndRejections (node:internal/process/task_queues:105:5)
    at callRouteHandler (file:///Users/hgeldenhuys/WebstormProjects/openapi-client/node_modules/react-router/dist/development/chunk-AYJ5UCUI.mjs:9469:16)
    at file:///Users/hgeldenhuys/WebstormProjects/openapi-client/node_modules/react-router/dist/development/chunk-AYJ5UCUI.mjs:4116:19
    at callLoaderOrAction (file:///Users/hgeldenhuys/WebstormProjects/openapi-client/node_modules/react-router/dist/development/chunk-AYJ5UCUI.mjs:4168:16)
    at async Promise.all (index 0)
    at defaultDataStrategy (file:///Users/hgeldenhuys/WebstormProjects/openapi-client/node_modules/react-router/dist/development/chunk-AYJ5UCUI.mjs:3831:17)
    at callDataStrategyImpl (file:///Users/hgeldenhuys/WebstormProjects/openapi-client/node_modules/react-router/dist/development/chunk-AYJ5UCUI.mjs:4067:17)
    at callDataStrategy (file:///Users/hgeldenhuys/WebstormProjects/openapi-client/node_modules/react-router/dist/development/chunk-AYJ5UCUI.mjs:3201:19)
    at submit (file:///Users/hgeldenhuys/WebstormProjects/openapi-client/node_modules/react-router/dist/development/chunk-AYJ5UCUI.mjs:3008:21)
    at queryImpl (file:///Users/hgeldenhuys/WebstormProjects/openapi-client/node_modules/react-router/dist/development/chunk-AYJ5UCUI.mjs:2943:23)
    at Object.queryRoute (file:///Users/hgeldenhuys/WebstormProjects/openapi-client/node_modules/react-router/dist/development/chunk-AYJ5UCUI.mjs:2910:18)
    at handleResourceRequest (file:///Users/hgeldenhuys/WebstormProjects/openapi-client/node_modules/react-router/dist/development/chunk-AYJ5UCUI.mjs:10385:20)
    at requestHandler (file:///Users/hgeldenhuys/WebstormProjects/openapi-client/node_modules/react-router/dist/development/chunk-AYJ5UCUI.mjs:10159:18)
    at nodeHandler (/Users/hgeldenhuys/WebstormProjects/openapi-client/node_modules/@react-router/dev/dist/vite.js:3030:30)
    at /Users/hgeldenhuys/WebstormProjects/openapi-client/node_modules/@react-router/dev/dist/vite.js:3036:17
---

[2025-05-31T02:28:55.953Z] OpenAPI Fetch Error
URL: http://localhost:3131/swagger/json
Error: Failed to fetch from URL: fetch failed
Stack: Error: Failed to fetch from URL: fetch failed
    at action (/Users/hgeldenhuys/WebstormProjects/openapi-client/app/routes/api.openapi.fetch.ts:61:13)
    at processTicksAndRejections (node:internal/process/task_queues:105:5)
    at callRouteHandler (file:///Users/hgeldenhuys/WebstormProjects/openapi-client/node_modules/react-router/dist/development/chunk-AYJ5UCUI.mjs:9469:16)
    at file:///Users/hgeldenhuys/WebstormProjects/openapi-client/node_modules/react-router/dist/development/chunk-AYJ5UCUI.mjs:4116:19
    at callLoaderOrAction (file:///Users/hgeldenhuys/WebstormProjects/openapi-client/node_modules/react-router/dist/development/chunk-AYJ5UCUI.mjs:4168:16)
    at async Promise.all (index 0)
    at defaultDataStrategy (file:///Users/hgeldenhuys/WebstormProjects/openapi-client/node_modules/react-router/dist/development/chunk-AYJ5UCUI.mjs:3831:17)
    at callDataStrategyImpl (file:///Users/hgeldenhuys/WebstormProjects/openapi-client/node_modules/react-router/dist/development/chunk-AYJ5UCUI.mjs:4067:17)
    at callDataStrategy (file:///Users/hgeldenhuys/WebstormProjects/openapi-client/node_modules/react-router/dist/development/chunk-AYJ5UCUI.mjs:3201:19)
    at submit (file:///Users/hgeldenhuys/WebstormProjects/openapi-client/node_modules/react-router/dist/development/chunk-AYJ5UCUI.mjs:3008:21)
    at queryImpl (file:///Users/hgeldenhuys/WebstormProjects/openapi-client/node_modules/react-router/dist/development/chunk-AYJ5UCUI.mjs:2943:23)
    at Object.queryRoute (file:///Users/hgeldenhuys/WebstormProjects/openapi-client/node_modules/react-router/dist/development/chunk-AYJ5UCUI.mjs:2910:18)
    at handleResourceRequest (file:///Users/hgeldenhuys/WebstormProjects/openapi-client/node_modules/react-router/dist/development/chunk-AYJ5UCUI.mjs:10385:20)
    at requestHandler (file:///Users/hgeldenhuys/WebstormProjects/openapi-client/node_modules/react-router/dist/development/chunk-AYJ5UCUI.mjs:10159:18)
    at nodeHandler (/Users/hgeldenhuys/WebstormProjects/openapi-client/node_modules/@react-router/dev/dist/vite.js:3030:30)
    at /Users/hgeldenhuys/WebstormProjects/openapi-client/node_modules/@react-router/dev/dist/vite.js:3036:17
---
